Removed Pin From Net: NetName=DR1_1 Pin=DR1-1
Removed Pin From Net: NetName=DR1_2 Pin=DR1-2
Removed Pin From Net: NetName=DR1_3 Pin=DR1-3
Removed Pin From Net: NetName=FMC_D13 Pin=DR1-6
Removed Pin From Net: NetName=FMC_D14 Pin=DR1-7
Removed Pin From Net: NetName=FMC_D15 Pin=DR1-8
Removed Pin From Net: NetName=DR2_1 Pin=DR2-1
Removed Pin From Net: NetName=DR2_2 Pin=DR2-2
Removed Pin From Net: NetName=DR2_3 Pin=DR2-3
Removed Pin From Net: NetName=DR2_4 Pin=DR2-4
Removed Pin From Net: NetName=FMC_D30 Pin=DR2-5
Removed Pin From Net: NetName=FMC_D31 Pin=DR2-6
Removed Pin From Net: NetName=FMC_A0 Pin=DR2-7
Removed Pin From Net: NetName=FMC_A1 Pin=DR2-8
Removed Pin From Net: NetName=DR6_1 Pin=DR6-1
Removed Pin From Net: NetName=DR6_2 Pin=DR6-2
Removed Pin From Net: NetName=DR6_3 Pin=DR6-3
Removed Pin From Net: NetName=DR6_4 Pin=DR6-4
Removed Pin From Net: NetName=FMC_D10 Pin=DR6-5
Removed Pin From Net: NetName=FMC_D11 Pin=DR6-6
Removed Pin From Net: NetName=FMC_D12 Pin=DR6-7
Removed Pin From Net: NetName=FMC_D16 Pin=DR6-8
Removed Pin From Net: NetName=DR7_1 Pin=DR7-1
Removed Pin From Net: NetName=DR7_2 Pin=DR7-2
Removed Pin From Net: NetName=DR7_3 Pin=DR7-3
Removed Pin From Net: NetName=DR7_4 Pin=DR7-4
Removed Pin From Net: NetName=FMC_D17 Pin=DR7-5
Removed Pin From Net: NetName=FMC_D18 Pin=DR7-6
Removed Pin From Net: NetName=FMC_D19 Pin=DR7-7
Removed Pin From Net: NetName=FMC_D20 Pin=DR7-8
Removed Pin From Net: NetName=DR8_1 Pin=DR8-1
Removed Pin From Net: NetName=DR8_2 Pin=DR8-2
Removed Pin From Net: NetName=DR8_3 Pin=DR8-3
Removed Pin From Net: NetName=DR8_4 Pin=DR8-4
Removed Pin From Net: NetName=FMC_A6 Pin=DR8-5
Removed Pin From Net: NetName=FMC_A7 Pin=DR8-6
Removed Pin From Net: NetName=FMC_A8 Pin=DR8-7
Removed Pin From Net: NetName=FMC_A9 Pin=DR8-8
Removed Pin From Net: NetName=DR9_1 Pin=DR9-1
Removed Pin From Net: NetName=DR9_2 Pin=DR9-3
Removed Pin From Net: NetName=DR9_3 Pin=DR9-4
Removed Pin From Net: NetName=FMC_SDCKE0 Pin=DR9-5
Removed Pin From Net: NetName=FMC_SDNE0 Pin=DR9-6
Removed Pin From Net: NetName=FMC_SDNWE Pin=DR9-8
Removed Pin From Net: NetName=DR10_1 Pin=DR10-1
Removed Pin From Net: NetName=DR10_2 Pin=DR10-2
Removed Pin From Net: NetName=DR10_3 Pin=DR10-3
Removed Pin From Net: NetName=DR10_4 Pin=DR10-4
Removed Pin From Net: NetName=FMC_D6 Pin=DR10-5
Removed Pin From Net: NetName=FMC_D7 Pin=DR10-6
Removed Pin From Net: NetName=FMC_D8 Pin=DR10-7
Removed Pin From Net: NetName=FMC_D9 Pin=DR10-8
Removed Pin From Net: NetName=DR13_1 Pin=DR13-1
Removed Pin From Net: NetName=DR13_3 Pin=DR13-3
Removed Pin From Net: NetName=DR13_4 Pin=DR13-4
Removed Pin From Net: NetName=FMC_BA0 Pin=DR13-5
Removed Pin From Net: NetName=FMC_BA1 Pin=DR13-6
Removed Pin From Net: NetName=FMC_SDCLK Pin=DR13-8
Added Pin To Net: NetName=FMC_D15 Pin=DR1-1
Added Pin To Net: NetName=FMC_D14 Pin=DR1-2
Added Pin To Net: NetName=FMC_D13 Pin=DR1-3
Added Pin To Net: NetName=DR1_3 Pin=DR1-6
Added Pin To Net: NetName=DR1_2 Pin=DR1-7
Added Pin To Net: NetName=DR1_1 Pin=DR1-8
Added Pin To Net: NetName=FMC_A1 Pin=DR2-1
Added Pin To Net: NetName=FMC_A0 Pin=DR2-2
Added Pin To Net: NetName=FMC_D31 Pin=DR2-3
Added Pin To Net: NetName=FMC_D30 Pin=DR2-4
Added Pin To Net: NetName=DR2_4 Pin=DR2-5
Added Pin To Net: NetName=DR2_3 Pin=DR2-6
Added Pin To Net: NetName=DR2_2 Pin=DR2-7
Added Pin To Net: NetName=DR2_1 Pin=DR2-8
Added Pin To Net: NetName=FMC_D16 Pin=DR6-1
Added Pin To Net: NetName=FMC_D12 Pin=DR6-2
Added Pin To Net: NetName=FMC_D11 Pin=DR6-3
Added Pin To Net: NetName=FMC_D10 Pin=DR6-4
Added Pin To Net: NetName=DR6_4 Pin=DR6-5
Added Pin To Net: NetName=DR6_3 Pin=DR6-6
Added Pin To Net: NetName=DR6_2 Pin=DR6-7
Added Pin To Net: NetName=DR6_1 Pin=DR6-8
Added Pin To Net: NetName=FMC_D20 Pin=DR7-1
Added Pin To Net: NetName=FMC_D19 Pin=DR7-2
Added Pin To Net: NetName=FMC_D18 Pin=DR7-3
Added Pin To Net: NetName=FMC_D17 Pin=DR7-4
Added Pin To Net: NetName=DR7_4 Pin=DR7-5
Added Pin To Net: NetName=DR7_3 Pin=DR7-6
Added Pin To Net: NetName=DR7_2 Pin=DR7-7
Added Pin To Net: NetName=DR7_1 Pin=DR7-8
Added Pin To Net: NetName=FMC_A9 Pin=DR8-1
Added Pin To Net: NetName=FMC_A8 Pin=DR8-2
Added Pin To Net: NetName=FMC_A7 Pin=DR8-3
Added Pin To Net: NetName=FMC_A6 Pin=DR8-4
Added Pin To Net: NetName=DR8_4 Pin=DR8-5
Added Pin To Net: NetName=DR8_3 Pin=DR8-6
Added Pin To Net: NetName=DR8_2 Pin=DR8-7
Added Pin To Net: NetName=DR8_1 Pin=DR8-8
Added Pin To Net: NetName=FMC_SDNWE Pin=DR9-1
Added Pin To Net: NetName=FMC_SDNE0 Pin=DR9-3
Added Pin To Net: NetName=FMC_SDCKE0 Pin=DR9-4
Added Pin To Net: NetName=DR9_3 Pin=DR9-5
Added Pin To Net: NetName=DR9_2 Pin=DR9-6
Added Pin To Net: NetName=DR9_1 Pin=DR9-8
Added Pin To Net: NetName=FMC_D9 Pin=DR10-1
Added Pin To Net: NetName=FMC_D8 Pin=DR10-2
Added Pin To Net: NetName=FMC_D7 Pin=DR10-3
Added Pin To Net: NetName=FMC_D6 Pin=DR10-4
Added Pin To Net: NetName=DR10_4 Pin=DR10-5
Added Pin To Net: NetName=DR10_3 Pin=DR10-6
Added Pin To Net: NetName=DR10_2 Pin=DR10-7
Added Pin To Net: NetName=DR10_1 Pin=DR10-8
Added Pin To Net: NetName=FMC_SDCLK Pin=DR13-1
Added Pin To Net: NetName=FMC_BA1 Pin=DR13-3
Added Pin To Net: NetName=FMC_BA0 Pin=DR13-4
Added Pin To Net: NetName=DR13_4 Pin=DR13-5
Added Pin To Net: NetName=DR13_3 Pin=DR13-6
Added Pin To Net: NetName=DR13_1 Pin=DR13-8
